2014-07-01T12:27:12.658Z - info: Listening on port 3000...
2014-07-01T12:27:27.100Z - info: 
2014-07-01T12:27:27.100Z - info: findById: 1
2014-07-01T12:27:27.104Z - info:  id=1, firstName=James, lastName=King, fullName=James King, managerId=0, managerName=, title=President and CEO, department=Corporate, cellPhone=617-000-0001, officePhone=781-000-0001, email=jking@fakemail.com, city=Boston, MA, pic=james_king.jpg, twitterId=@fakejking, blog=http://coenraets.org, _bsontype=ObjectID, id=SsaAá?÷dxì8
2014-07-01T12:28:23.061Z - info: 
2014-07-01T12:28:23.061Z - info: findById: 1
2014-07-01T12:28:23.063Z - info:  id=1, firstName=James, lastName=King, fullName=James King, managerId=0, managerName=, title=President and CEO, department=Corporate, cellPhone=617-000-0001, officePhone=781-000-0001, email=jking@fakemail.com, city=Boston, MA, pic=james_king.jpg, twitterId=@fakejking, blog=http://coenraets.org, _bsontype=ObjectID, id=SsaAá?÷dxì8
2014-07-01T12:28:30.932Z - info: 
2014-07-01T12:28:30.932Z - info: findById: 3
2014-07-01T12:28:30.933Z - info:  id=3, firstName=Eugene, lastName=Lee, fullName=Eugene Lee, managerId=1, managerName=James King, title=CFO, department=Accounting, cellPhone=617-000-0003, officePhone=781-000-0003, email=elee@fakemail.com, city=Boston, MA, pic=eugene_lee.jpg, twitterId=@fakeelee, blog=http://coenraets.org, _bsontype=ObjectID, id=SsaAá?÷dxì:
2014-07-01T12:30:01.137Z - info: Listening on port 3000...
2014-07-01T13:01:36.695Z - info: Listening on port 3000...
2014-07-01T13:01:36.696Z - error: Listening on port 3000...
2014-07-01T13:02:04.353Z - info: Listening on port 3000...
2014-07-01T13:02:06.543Z - error: Listening on port 3000...
2014-07-01T13:28:21.651Z - info: Listening on port 3000...
2014-07-01T13:28:37.544Z - info: 
2014-07-01T13:28:37.545Z - info: findById: 1
2014-07-01T13:28:37.546Z - info:  id=1, firstName=James, lastName=King, fullName=James King, managerId=0, managerName=, title=President and CEO, department=Corporate, cellPhone=617-000-0001, officePhone=781-000-0001, email=jking@fakemail.com, city=Boston, MA, pic=james_king.jpg, twitterId=@fakejking, blog=http://coenraets.org, _bsontype=ObjectID, id=SsaAá?÷dxì8
2014-07-01T13:28:51.003Z - info: Listening on port 3000...
2014-07-01T13:29:27.788Z - info: 
2014-07-01T13:29:27.789Z - info: findById: 1
2014-07-01T13:29:27.792Z - info:  id=1, firstName=James, lastName=King, fullName=James King, managerId=0, managerName=, title=President and CEO, department=Corporate, cellPhone=617-000-0001, officePhone=781-000-0001, email=jking@fakemail.com, city=Boston, MA, pic=james_king.jpg, twitterId=@fakejking, blog=http://coenraets.org, _bsontype=ObjectID, id=SsaAá?÷dxì8
2014-07-01T13:31:10.627Z - info: Listening on port 3000...
2014-07-01T13:31:31.131Z - info: 
2014-07-01T13:31:31.131Z - info: findById: 1
2014-07-01T13:31:31.133Z - info:  id=1, firstName=James, lastName=King, fullName=James King, managerId=0, managerName=, title=President and CEO, department=Corporate, cellPhone=617-000-0001, officePhone=781-000-0001, email=jking@fakemail.com, city=Boston, MA, pic=james_king.jpg, twitterId=@fakejking, blog=http://coenraets.org, _bsontype=ObjectID, id=SsaAá?÷dxì8
2014-07-01T13:32:05.924Z - info: Listening on port 3000...
2014-07-01T13:33:01.799Z - info: Listening on port 3000...
2014-07-01T13:33:13.995Z - info: Listening on port 3000...
2014-07-01T13:33:43.620Z - info: 
2014-07-01T13:33:43.620Z - info: findById: 1
2014-07-01T13:33:43.623Z - info:  id=1, firstName=James, lastName=King, fullName=James King, managerId=0, managerName=, title=President and CEO, department=Corporate, cellPhone=617-000-0001, officePhone=781-000-0001, email=jking@fakemail.com, city=Boston, MA, pic=james_king.jpg, twitterId=@fakejking, blog=http://coenraets.org, _bsontype=ObjectID, id=SsaAá?÷dxì8
2014-07-01T13:33:57.270Z - info: 
2014-07-01T13:33:57.271Z - info: findById: 1
2014-07-01T13:33:57.271Z - info:  id=1, firstName=James, lastName=King, fullName=James King, managerId=0, managerName=, title=President and CEO, department=Corporate, cellPhone=617-000-0001, officePhone=781-000-0001, email=jking@fakemail.com, city=Boston, MA, pic=james_king.jpg, twitterId=@fakejking, blog=http://coenraets.org, _bsontype=ObjectID, id=SsaAá?÷dxì8
2014-07-02T09:56:32.613Z - info: Listening on port 3000...
2014-07-02T09:56:57.272Z - info: Listening on port 3000...
2014-07-02T10:18:53.797Z - info: Listening on port 3000...
2014-07-02T10:20:39.348Z - info: Listening on port 3000...
2014-07-02T10:21:06.200Z - info: Listening on port 3000...
2014-07-02T10:40:40.998Z - info: Listening on port 3000...
2014-07-02T10:41:33.792Z - info: Listening on port 3000...
2014-07-02T10:42:25.370Z - info: Listening on port 3000...
2014-07-02T10:42:36.716Z - info: Listening on port 3000...
2014-07-02T10:45:01.594Z - info: Listening on port 3000...
2014-07-02T10:45:18.169Z - info: Listening on port 3000...
2014-07-02T10:45:42.731Z - info: Listening on port 3000...
2014-07-02T10:46:50.792Z - info: Listening on port 3000...
2014-07-02T10:50:22.405Z - info: Listening on port 3000...
2014-07-02T10:51:00.634Z - info: Listening on port 3000...
2014-07-02T10:52:39.741Z - info: Listening on port 3000...
2014-07-02T10:58:00.912Z - info: Listening on port 3000...
2014-07-02T11:07:29.458Z - info: Listening on port 3000...
2014-07-02T14:26:53.261Z - info: Listening on port 3000...
2014-07-02T14:29:22.646Z - info: Listening on port 3000...
2014-07-02T14:30:06.539Z - info: Listening on port 3000...
2014-07-02T14:30:53.961Z - info: Listening on port 3000...
2014-07-02T14:31:18.727Z - info: Listening on port 3000...
2014-07-02T14:32:28.227Z - info: Listening on port 3000...
2014-07-02T14:36:06.811Z - info: Listening on port 3000...
2014-07-02T14:36:42.675Z - info: Listening on port 3000...
2014-07-02T14:40:27.872Z - info: Listening on port 3000...
2014-07-02T14:41:32.742Z - info: Listening on port 3000...
2014-07-02T14:46:10.594Z - info: Listening on port 3000...
2014-07-02T14:46:31.910Z - info: Listening on port 3000...
2014-07-03T09:16:40.483Z - info: Listening on port 3000...
2014-07-03T09:18:15.282Z - info: Listening on port 3000...
2014-07-03T09:20:08.327Z - info: Listening on port 3000...
2014-07-03T09:20:17.654Z - info: Listening on port 3000...
2014-07-03T09:25:56.266Z - info: Listening on port 3000...
2014-07-04T08:44:54.083Z - info: Listening on port 3000...
2014-07-04T08:45:51.514Z - info: Listening on port 3000...
2014-07-04T08:47:40.183Z - info: Listening on port 3000...
2014-07-04T08:48:38.268Z - info: Listening on port 3000...
2014-07-04T08:49:43.424Z - info: Listening on port 3000...
2014-07-04T08:50:01.563Z - info: Listening on port 3000...
2014-07-04T08:50:28.546Z - info: Listening on port 3000...
2014-07-04T08:51:35.097Z - info: Listening on port 3000...
2014-07-04T08:53:45.391Z - info: Listening on port 3000...
2014-07-04T08:54:46.664Z - info: Listening on port 3000...
2014-07-04T08:55:09.334Z - info: Listening on port 3000...
2014-07-04T08:55:47.373Z - info: Listening on port 3000...
2014-07-04T08:56:17.708Z - info: Listening on port 3000...
2014-07-04T08:56:47.340Z - info: Listening on port 3000...
2014-07-04T08:58:35.109Z - info: Listening on port 3000...
2014-07-04T08:58:43.378Z - info: Listening on port 3000...
2014-07-04T09:12:11.404Z - info: Listening on port 3000...
2014-07-04T09:12:12.115Z - info: Listening on port 3000...
2014-07-04T09:13:20.429Z - info: Listening on port 3000...
2014-07-04T09:13:59.112Z - info: Listening on port 3000...
2014-07-04T09:14:32.049Z - info: Listening on port 3000...
2014-07-04T09:15:07.405Z - info: Listening on port 3000...
2014-07-04T09:16:13.287Z - info: Listening on port 3000...
2014-07-04T09:16:58.259Z - info: Listening on port 3000...
2014-07-04T11:02:21.828Z - info: Listening on port 3000...
2014-07-04T11:04:04.588Z - info: Listening on port 3000...
2014-07-04T11:06:17.806Z - info: Listening on port 3000...
2014-07-04T11:08:09.497Z - info: Listening on port 3000...
2014-07-04T11:08:30.226Z - info: Listening on port 3000...
2014-07-04T11:32:34.108Z - info: Listening on port 3000...
2014-07-04T11:34:22.271Z - info: Listening on port 3000...
2014-07-04T11:35:07.714Z - info: Listening on port 3000...
2014-07-04T11:45:17.402Z - info: Listening on port 3000...
2014-07-04T11:55:19.680Z - info: Listening on port 3000...
2014-07-04T11:57:29.916Z - info: Listening on port 3000...
2014-07-04T12:13:32.380Z - info: Listening on port 3000...
2014-07-04T12:15:31.702Z - info: Listening on port 3000...
2014-07-04T12:16:34.961Z - info: Listening on port 3000...
2014-07-04T12:17:39.790Z - info: Listening on port 3000...
2014-07-04T12:18:51.464Z - info: Listening on port 3000...
2014-07-04T12:19:31.428Z - info: Listening on port 3000...
2014-07-04T12:20:30.417Z - info: Listening on port 3000...
2014-07-04T12:27:57.311Z - info: Listening on port 3000...
2014-07-04T12:28:48.374Z - info: Listening on port 3000...
2014-07-04T12:29:40.568Z - info: Listening on port 3000...
2014-07-04T12:32:11.434Z - info: Listening on port 3000...
2014-07-04T12:33:40.124Z - info: Listening on port 3000...
2014-07-04T17:44:38.784Z - info: Listening on port 3000...
2014-07-04T17:44:38.820Z - info: The 'employees' collection doesn't exist. Creating it with sample data...
2014-07-04T17:44:38.821Z - info: Populating employee database...
2014-07-04T17:47:58.941Z - info: Listening on port 3000...
2014-07-04T18:01:16.710Z - info: DB Connection  successfully done.
2014-07-04T18:02:01.618Z - info: DB Connection  successfully done.
2014-07-04T18:02:50.309Z - info: DB Connection  successfully done.
2014-07-04T18:03:39.559Z - info: DB Connection  successfully done.
2014-07-04T18:03:39.595Z - info: Listening on port 3000...
2014-07-04T18:03:57.758Z - info: DB Connection  successfully done.
2014-07-04T18:03:57.805Z - info: Listening on port 3000...
2014-07-04T18:04:38.536Z - info: DB Connection  successfully done.
2014-07-04T18:04:38.584Z - info: Listening on port 3000...
2014-07-04T20:23:11.392Z - info: DB Connection  successfully done.
2014-07-04T20:23:11.472Z - info: Listening on port 3000...
2014-07-04T20:53:15.808Z - info: DB Connection  successfully done.
2014-07-04T20:53:15.855Z - info: Listening on port 3000...
2014-07-04T21:03:22.617Z - info: DB Connection  successfully done.
2014-07-04T21:03:22.663Z - info: Listening on port 3000...
2014-07-04T21:03:33.655Z - info: DB Connection  successfully done.
2014-07-04T21:03:33.901Z - info: Listening on port 3000...
2014-07-04T21:09:17.853Z - info: DB Connection  successfully done.
2014-07-04T21:09:18.177Z - info: Listening on port 3000...
2014-07-04T21:11:45.654Z - info: DB Connection  successfully done.
2014-07-04T21:11:45.924Z - info: Listening on port 3000...
2014-07-04T21:15:04.566Z - info: DB Connection  successfully done.
2014-07-04T21:15:04.613Z - info: Listening on port 3000...
2014-07-04T21:40:40.069Z - info: DB Connection  successfully done.
2014-07-04T21:40:40.113Z - info: Listening on port 3000...
2014-07-04T21:41:03.923Z - info: DB Connection  successfully done.
2014-07-04T21:41:04.176Z - info: Listening on port 3000...
2014-07-04T21:48:17.861Z - info: DB Connection  successfully done.
2014-07-04T21:48:18.125Z - info: Listening on port 3000...
2014-07-04T21:57:01.998Z - info: DB Connection  successfully done.
2014-07-04T21:57:02.267Z - info: Listening on port 3000...
2014-07-04T22:02:38.776Z - info: DB Connection  successfully done.
2014-07-04T22:02:39.046Z - info: Listening on port 3000...
2014-07-05T08:32:09.478Z - info: DB Connection  successfully done.
2014-07-05T08:32:09.743Z - info: Listening on port 3000...
2014-07-05T08:32:46.872Z - info: DB Connection  successfully done.
2014-07-05T08:32:47.271Z - info: Listening on port 3000...
2014-07-05T08:36:35.762Z - info: DB Connection  successfully done.
2014-07-05T08:36:36.030Z - info: Listening on port 3000...
2014-07-05T08:38:26.760Z - info: DB Connection  successfully done.
2014-07-05T08:38:27.021Z - info: Listening on port 3000...
2014-07-05T09:36:18.909Z - info: DB Connection  successfully done.
2014-07-05T09:36:19.189Z - info: Listening on port 3000...
2014-07-05T09:37:07.022Z - info: DB Connection  successfully done.
2014-07-05T09:37:07.290Z - info: Listening on port 3000...
2014-07-05T09:42:35.531Z - info: DB Connection  successfully done.
2014-07-05T09:42:35.794Z - info: Listening on port 3000...
2014-07-05T10:11:53.656Z - info: DB Connection  successfully done.
2014-07-05T10:11:54.483Z - info: Listening on port 3000...
2014-07-05T10:12:21.080Z - info: DB Connection  successfully done.
2014-07-05T10:12:21.881Z - info: Listening on port 3000...
2014-07-06T19:49:07.462Z - info: DB Connection  successfully done.
2014-07-06T19:49:07.726Z - info: Listening on port 3000...
2014-07-06T20:04:49.144Z - info: DB Connection  successfully done.
2014-07-06T20:04:49.402Z - info: Listening on port 3000...
2014-07-06T20:05:27.831Z - info: DB Connection  successfully done.
2014-07-06T20:05:28.108Z - info: Listening on port 3000...
2014-07-06T20:05:34.850Z - info:  success=true, filePath=/home/brk/workspaces/LQ/files/29239-1dbk2zc.exe, fileName=install_flashplayer14x32_mssa_aaa_aih.exe
2014-07-06T20:06:49.528Z - info: DB Connection  successfully done.
2014-07-06T20:06:49.791Z - info: Listening on port 3000...
2014-07-06T20:06:54.183Z - info:  success=true, filePath=/home/brk/workspaces/LQ/files/29274-1xetbin.exe, fileName=install_flashplayer14x32_mssa_aaa_aih.exe
2014-07-06T20:07:13.522Z - info:  success=false, msg=ENOENT, rename '/home/brk/workspaces/LQ/files/29274-1xetbin.exe'
2014-07-06T20:08:27.262Z - info:  success=true, filePath=/home/brk/workspaces/LQ/files/29274-17bgmwa.exe, fileName=install_flashplayer14x32_mssa_aaa_aih.exe
2014-07-06T20:08:30.450Z - info:  success=false, msg=ENOENT, rename '/home/brk/workspaces/LQ/files/29274-17bgmwa.exe'
2014-07-06T20:11:47.183Z - info:  success=true, filePath=/home/brk/workspaces/LQ/files/29274-hiik7i.exe, fileName=install_flashplayer14x32_mssa_aaa_aih.exe
2014-07-06T20:11:48.284Z - info:  success=false, msg=ENOENT, rename '/home/brk/workspaces/LQ/files/29274-hiik7i.exe'
2014-07-06T20:12:45.199Z - info:  success=true, filePath=/home/brk/workspaces/LQ/files/29274-42n2yc.exe, fileName=install_flashplayer14x32_mssa_aaa_aih.exe
2014-07-06T20:12:51.428Z - info:  success=false, msg=ENOENT, rename '/home/brk/workspaces/LQ/files/29274-42n2yc.exe'
2014-07-06T20:12:56.685Z - info: DB Connection  successfully done.
2014-07-06T20:12:56.937Z - info: Listening on port 3000...
2014-07-06T20:13:03.977Z - info:  success=true, filePath=/home/brk/workspaces/LQ/files/29474-10om821.exe, fileName=install_flashplayer14x32_mssa_aaa_aih.exe
2014-07-06T20:13:06.115Z - info: renamed complete -> /home/brk/workspaces/LQ/files/29474-10om821.exe
2014-07-15T14:34:52.372Z - info: DB Connection  successfully done.
2014-07-15T14:34:52.421Z - info: Listening on port 3000...
2014-07-15T14:36:43.619Z - info: DB Connection  successfully done.
2014-07-15T14:36:43.860Z - info: Listening on port 3000...
2014-07-15T14:36:57.050Z - info:  success=true, msg=brkk
2014-07-17T11:19:47.286Z - info: DB Connection  successfully done.
2014-07-17T11:19:47.643Z - info: Listening on port 3000...
2014-07-23T15:08:04.621Z - info: DB Connection  successfully done.
2014-07-23T15:08:04.929Z - info: Listening on port 3000...
2014-07-23T15:11:31.279Z - info: DB Connection  successfully done.
2014-07-23T15:11:31.509Z - info: Listening on port 3000...
2014-07-23T15:15:54.395Z - info: DB Connection  successfully done.
2014-07-23T15:15:54.604Z - info: Listening on port 3000...
2014-07-23T15:16:54.512Z - info: DB Connection  successfully done.
2014-07-23T15:16:54.722Z - info: Listening on port 3000...
2014-07-23T15:21:09.494Z - info: DB Connection  successfully done.
2014-07-23T15:21:09.544Z - info: Listening on port 3000...
2014-07-23T15:24:29.271Z - info: DB Connection  successfully done.
2014-07-23T15:24:29.481Z - info: Listening on port 3000...
2014-07-24T12:02:50.543Z - info: DB Connection  successfully done.
2014-07-24T12:02:50.593Z - info: Listening on port 3000...
2014-07-24T13:58:18.575Z - info: DB Connection  successfully done.
2014-07-24T13:58:18.622Z - info: Listening on port 3000...
2014-07-24T13:58:55.618Z - info: DB Connection  successfully done.
2014-07-24T13:58:55.673Z - info: Listening on port 3000...
2014-07-24T13:58:58.308Z - info:  success=false, msg=emailid/password did not match
2014-07-24T13:59:21.725Z - info:  success=false, msg=emailid/password did not match
2014-07-24T13:59:30.101Z - info:  success=false, msg=emailid/password did not match
2014-07-24T14:00:19.865Z - info:  success=false, msg=emailid/password did not match
2014-07-24T14:00:25.624Z - info:  success=false, msg=emailid/password did not match
2014-07-24T14:01:55.604Z - info:  success=true, msg=brk
2014-07-25T13:53:45.776Z - info: DB Connection  successfully done.
2014-07-25T13:53:45.909Z - info: Listening on port 3000...
2014-07-25T13:59:42.523Z - info: DB Connection  successfully done.
2014-07-25T13:59:42.634Z - info: Listening on port 3000...
2014-07-25T13:59:42.680Z - info: The 'employees' collection doesn't exist. Creating it with sample data...
2014-07-25T13:59:42.681Z - info: Populating employee database...
2014-07-25T14:02:22.370Z - info: DB Connection  successfully done.
2014-07-25T14:02:22.758Z - info: Listening on port 3000...
2014-07-25T14:10:08.108Z - info: DB Connection  successfully done.
2014-07-25T14:10:08.565Z - info: Listening on port 3000...
2014-07-25T14:11:15.418Z - info:  success=true, msg=aliberk
2014-07-25T14:16:15.310Z - info:  success=true, msg=
2014-07-25T14:16:15.313Z - info: renamed complete -> /Users/brkk/Desktop/LQ/lq/files/1754-yovrs0.m4a
2014-07-25T14:16:42.863Z - info:  success=true, msg=
2014-07-25T14:16:42.864Z - info: renamed complete -> /Users/brkk/Desktop/LQ/lq/files/1754-1whbsjc.m4a
2014-07-25T14:17:34.421Z - info: DB Connection  successfully done.
2014-07-25T14:17:34.797Z - info: Listening on port 3000...
2014-07-25T14:17:50.541Z - info:  success=true, msg=aliberk
2014-07-25T14:18:04.210Z - info: renamed complete -> /Users/brkk/Desktop/LQ/lq/files/1828-8srvdz.m4a
2014-07-25T14:18:32.884Z - info: renamed complete -> /Users/brkk/Desktop/LQ/lq/files/1828-rvwqqg.m4a
2014-07-25T14:19:04.108Z - info: renamed complete -> /Users/brkk/Desktop/LQ/lq/files/1828-fzvhdx.m4a
2014-07-25T14:19:15.794Z - info: DB Connection  successfully done.
2014-07-25T14:19:16.098Z - info: Listening on port 3000...
2014-07-25T14:19:22.610Z - info:  success=true, msg=aliberk
2014-07-25T14:19:35.312Z - info: DB Connection  successfully done.
2014-07-25T14:19:35.600Z - info: Listening on port 3000...
2014-07-25T14:19:44.351Z - info:  success=true, msg=aliberk
2014-07-25T14:19:52.208Z - info: renamed complete -> /Users/brkk/Desktop/LQ/lq/files/1867-188y2oy.m4a
2014-07-25T14:20:37.504Z - info: renamed complete -> /Users/brkk/Desktop/LQ/lq/files/1867-17z1lrh.m4a
2014-07-25T14:21:21.105Z - info: DB Connection  successfully done.
2014-07-25T14:21:21.739Z - info: Listening on port 3000...
2014-07-25T14:21:32.019Z - info:  success=true, msg=aliberk
2014-07-25T14:21:51.615Z - info: renamed complete -> /Users/brkk/Desktop/LQ/lq/files/1885-1gdgo5u.m4a
2014-07-25T14:22:44.047Z - info: DB Connection  successfully done.
2014-07-25T14:22:44.632Z - info: Listening on port 3000...
2014-07-25T14:22:53.361Z - info:  success=true, msg=aliberk
2014-07-25T14:23:04.397Z - info: renamed complete -> /Users/brkk/Desktop/LQ/lq/files/1894-6ycu2g.m4a
2014-07-25T14:23:49.166Z - info: DB Connection  successfully done.
2014-07-25T14:23:49.758Z - info: Listening on port 3000...
2014-07-25T14:24:05.012Z - info:  success=true, msg=aliberk
2014-07-25T14:24:12.924Z - info: renamed complete -> /Users/brkk/Desktop/LQ/lq/files/1919-17xzrpy.m4a
2014-07-25T14:25:16.780Z - info: renamed complete -> /Users/brkk/Desktop/LQ/lq/files/1919-1rhp3nz.m4a
2014-07-25T14:25:54.250Z - info: renamed complete -> /Users/brkk/Desktop/LQ/lq/files/1919-19t80m3.m4a
2014-07-27T16:03:52.311Z - info: DB Connection  successfully done.
2014-07-27T16:03:53.043Z - info: Listening on port 3000...
2014-07-27T16:04:54.039Z - info: DB Connection  successfully done.
2014-07-27T16:04:55.122Z - info: Listening on port 3000...
2014-07-27T16:06:34.685Z - info: DB Connection  successfully done.
2014-07-27T16:06:35.492Z - info: Listening on port 3000...
2014-07-27T16:06:37.639Z - info:  success=true, msg=aliberk
